<?xml version="1.0" encoding="UTF-8"?>
<!-- Generated by org.testng.reporters.JUnitXMLReporter -->
<testsuite hostname="LAPTOP-CC6D02LD" name="Test" tests="2" failures="0" timestamp="13 Jan 2022 11:15:53 GMT" time="0.341" errors="0">
  <testcase name="@AfterTest getResult" time="0.0" classname="Runtest.Extentreports">
    <failure type="java.lang.IllegalArgumentException" message="wrong number of arguments">
      <![CDATA[java.lang.IllegalArgumentException: wrong number of arguments
... Removed 22 stack frames]]>
    </failure>
  </testcase> <!-- @AfterTest getResult -->
  <testcase name="test" time="0.009" classname="Runtest.Extentreports"/>
  <testcase name="test2" time="0.001" classname="Runtest.Extentreports"/>
</testsuite> <!-- Test -->
